<?xml version="1.0" encoding="UTF-8"?>
<!-- Generated by org.testng.reporters.JUnitReportReporter -->
<testsuite hostname="LonniesPC" failures="0" tests="4" name="HomePageTest" time="12.600" errors="0" timestamp="2021-11-07T08:53:00 MST" skipped="0">
  <testcase classname="HomePageTest" name="featuredCoursesHeader" time="4.826"/>
  <system-out/>
  <testcase classname="HomePageTest" name="userLogin" time="2.732"/>
  <system-out/>
  <testcase classname="HomePageTest" name="userLogin" time="2.807"/>
  <system-out/>
  <testcase classname="HomePageTest" name="isNavigationHeaderVisible" time="2.235"/>
  <system-out/>
</testsuite> <!-- HomePageTest -->
