<?xml version="1.0" encoding="UTF-8"?>
<!-- Generated by org.testng.reporters.JUnitReportReporter -->
<testsuite hostname="LonniesPC" failures="0" tests="4" name="HomePageTest" time="13.844" errors="0" timestamp="2021-11-06T19:20:36 MDT" skipped="0">
  <testcase classname="HomePageTest" name="featuredCoursesHeader" time="5.266"/>
  <system-out/>
  <testcase classname="HomePageTest" name="userLogin" time="3.098"/>
  <system-out/>
  <testcase classname="HomePageTest" name="isNavigationHeaderVisible" time="1.853"/>
  <system-out/>
  <testcase classname="HomePageTest" name="userLogin" time="3.627"/>
  <system-out/>
</testsuite> <!-- HomePageTest -->
